<?xml version="1.0" encoding="UTF-8"?>
<testsuite name="com.github.jonmarsh.waveform_processing_for_imagej.WaveformUtilsTest" time="0.005" tests="69" errors="0" skipped="0" failures="0">
  <properties>
[...]
</properties>
  <testcase name="testMedian_floatArr" classname="com.github.jonmarsh.waveform_processing_for_imagej.WaveformUtilsTest" time="0"/>
  <testcase name="testSimpleDerivative_doubleArr_double" classname="com.github.jonmarsh.waveform_processing_for_imagej.WaveformUtilsTest" time="0"/>
  <testcase name="testFftRealPowerOf2Inverse" classname="com.github.jonmarsh.waveform_processing_for_imagej.WaveformUtilsTest" time="0"/>
  <testcase name="testFftComplexPowerOf2_3args" classname="com.github.jonmarsh.waveform_processing_for_imagej.WaveformUtilsTest" time="0"/>
  <testcase name="testFftComplexPowerOf2_5args" classname="com.github.jonmarsh.waveform_processing_for_imagej.WaveformUtilsTest" time="0"/>
  <testcase name="testRotateArrayInPlace_doubleArr_int" classname="com.github.jonmarsh.waveform_processing_for_imagej.WaveformUtilsTest" time="0"/>
  <testcase name="testMinIndex_floatArr" classname="com.github.jonmarsh.waveform_processing_for_imagej.WaveformUtilsTest" time="0"/>
  <testcase name="testCubicSplineInterpolantUniformSpacing_DoubleArgs" classname="com.github.jonmarsh.waveform_processing_for_imagej.WaveformUtilsTest" time="0"/>
  <testcase name="testCubicSplineInterpolantUniformSpacingFromTo_FloatArgs" classname="com.github.jonmarsh.waveform_processing_for_imagej.WaveformUtilsTest" time="0"/>
  <testcase name="testMeanAndVariance_floatArr_boolean" classname="com.github.jonmarsh.waveform_processing_for_imagej.WaveformUtilsTest" time="0"/>
  <testcase name="testMultiplyScalarInPlace_4args_1" classname="com.github.jonmarsh.waveform_processing_for_imagej.WaveformUtilsTest" time="0"/>
  <testcase name="testMultiplyScalarInPlace_4args_2" classname="com.github.jonmarsh.waveform_processing_for_imagej.WaveformUtilsTest" time="0"/>
  <testcase name="testMedian_doubleArr" classname="com.github.jonmarsh.waveform_processing_for_imagej.WaveformUtilsTest" time="0"/>
  <testcase name="testPow" classname="com.github.jonmarsh.waveform_processing_for_imagej.WaveformUtilsTest" time="0"/>
  <testcase name="testCubicSplineInterpolant_DoubleArgs" classname="com.github.jonmarsh.waveform_processing_for_imagej.WaveformUtilsTest" time="0.001"/>
  <testcase name="testSmoothingSplineInterpolantUniformSpacing_4args_1" classname="com.github.jonmarsh.waveform_processing_for_imagej.WaveformUtilsTest" time="0"/>
  <testcase name="testSmoothingSplineInterpolantUniformSpacing_4args_2" classname="com.github.jonmarsh.waveform_processing_for_imagej.WaveformUtilsTest" time="0"/>
  <testcase name="testMultiplyScalarInPlace_doubleArr_double" classname="com.github.jonmarsh.waveform_processing_for_imagej.WaveformUtilsTest" time="0"/>
  <testcase name="testSimpleDerivative_floatArr_float" classname="com.github.jonmarsh.waveform_processing_for_imagej.WaveformUtilsTest" time="0"/>
  <testcase name="testLog2" classname="com.github.jonmarsh.waveform_processing_for_imagej.WaveformUtilsTest" time="0"/>
  <testcase name="testMaxIndex_doubleArr" classname="com.github.jonmarsh.waveform_processing_for_imagej.WaveformUtilsTest" time="0"/>
  <testcase name="testPadMultipleWaveformsToPowerOf2_3args_1" classname="com.github.jonmarsh.waveform_processing_for_imagej.WaveformUtilsTest" time="0"/>
  <testcase name="testPadMultipleWaveformsToPowerOf2_3args_2" classname="com.github.jonmarsh.waveform_processing_for_imagej.WaveformUtilsTest" time="0"/>
  <testcase name="testReverseArrayInPlace_doubleArr" classname="com.github.jonmarsh.waveform_processing_for_imagej.WaveformUtilsTest" time="0"/>
  <testcase name="testRotateArrayInPlace_4args_1" classname="com.github.jonmarsh.waveform_processing_for_imagej.WaveformUtilsTest" time="0"/>
  <testcase name="testRotateArrayInPlace_4args_2" classname="com.github.jonmarsh.waveform_processing_for_imagej.WaveformUtilsTest" time="0"/>
  <testcase name="testReverseArrayInPlace_intArr" classname="com.github.jonmarsh.waveform_processing_for_imagej.WaveformUtilsTest" time="0"/>
  <testcase name="testIsPowerOf2" classname="com.github.jonmarsh.waveform_processing_for_imagej.WaveformUtilsTest" time="0"/>
  <testcase name="testQuadraticRoots" classname="com.github.jonmarsh.waveform_processing_for_imagej.WaveformUtilsTest" time="0.002"/>
  <testcase name="testMean_floatArr" classname="com.github.jonmarsh.waveform_processing_for_imagej.WaveformUtilsTest" time="0"/>
  <testcase name="testMeanAndVariance_doubleArr_boolean" classname="com.github.jonmarsh.waveform_processing_for_imagej.WaveformUtilsTest" time="0"/>
  <testcase name="testFftRealPowerOf2Forward" classname="com.github.jonmarsh.waveform_processing_for_imagej.WaveformUtilsTest" time="0.001"/>
  <testcase name="testReverseArrayInPlace_3args_1" classname="com.github.jonmarsh.waveform_processing_for_imagej.WaveformUtilsTest" time="0"/>
  <testcase name="testReverseArrayInPlace_3args_2" classname="com.github.jonmarsh.waveform_processing_for_imagej.WaveformUtilsTest" time="0"/>
  <testcase name="testReverseArrayInPlace_3args_3" classname="com.github.jonmarsh.waveform_processing_for_imagej.WaveformUtilsTest" time="0"/>
  <testcase name="testAddScalarInPlace_floatArr_float" classname="com.github.jonmarsh.waveform_processing_for_imagej.WaveformUtilsTest" time="0"/>
  <testcase name="testAddScalar_floatArr_float" classname="com.github.jonmarsh.waveform_processing_for_imagej.WaveformUtilsTest" time="0"/>
  <testcase name="testPadToPowerOf2_floatArr_float" classname="com.github.jonmarsh.waveform_processing_for_imagej.WaveformUtilsTest" time="0"/>
  <testcase name="testMaxIndex_floatArr" classname="com.github.jonmarsh.waveform_processing_for_imagej.WaveformUtilsTest" time="0"/>
  <testcase name="testMedian_3args_1" classname="com.github.jonmarsh.waveform_processing_for_imagej.WaveformUtilsTest" time="0"/>
  <testcase name="testMedian_3args_2" classname="com.github.jonmarsh.waveform_processing_for_imagej.WaveformUtilsTest" time="0"/>
  <testcase name="testSmoothingSplineInterpolantUniformSpacing_6args_1" classname="com.github.jonmarsh.waveform_processing_for_imagej.WaveformUtilsTest" time="0"/>
  <testcase name="testSmoothingSplineInterpolantUniformSpacing_6args_2" classname="com.github.jonmarsh.waveform_processing_for_imagej.WaveformUtilsTest" time="0"/>
  <testcase name="testFastHilbertTransformPowerOf2" classname="com.github.jonmarsh.waveform_processing_for_imagej.WaveformUtilsTest" time="0"/>
  <testcase name="testWindowFunction" classname="com.github.jonmarsh.waveform_processing_for_imagej.WaveformUtilsTest" time="0"/>
  <testcase name="testWindowFunctionSingleSided" classname="com.github.jonmarsh.waveform_processing_for_imagej.WaveformUtilsTest" time="0"/>
  <testcase name="testCubicSplineInterpolantUniformSpacing_FloatArgs" classname="com.github.jonmarsh.waveform_processing_for_imagej.WaveformUtilsTest" time="0"/>
  <testcase name="testCubicRoots" classname="com.github.jonmarsh.waveform_processing_for_imagej.WaveformUtilsTest" time="0"/>
  <testcase name="testMeanAndVariance_4args_1" classname="com.github.jonmarsh.waveform_processing_for_imagej.WaveformUtilsTest" time="0"/>
  <testcase name="testMeanAndVariance_4args_2" classname="com.github.jonmarsh.waveform_processing_for_imagej.WaveformUtilsTest" time="0"/>
  <testcase name="testAmountToPadToNextPowerOf2" classname="com.github.jonmarsh.waveform_processing_for_imagej.WaveformUtilsTest" time="0"/>
  <testcase name="testCubicSplineInterpolant_FloatArgs" classname="com.github.jonmarsh.waveform_processing_for_imagej.WaveformUtilsTest" time="0"/>
  <testcase name="testPadToPowerOf2_doubleArr_double" classname="com.github.jonmarsh.waveform_processing_for_imagej.WaveformUtilsTest" time="0"/>
  <testcase name="testAddScalarInPlace_doubleArr_double" classname="com.github.jonmarsh.waveform_processing_for_imagej.WaveformUtilsTest" time="0"/>
  <testcase name="testMean_3args_1" classname="com.github.jonmarsh.waveform_processing_for_imagej.WaveformUtilsTest" time="0"/>
  <testcase name="testMean_3args_2" classname="com.github.jonmarsh.waveform_processing_for_imagej.WaveformUtilsTest" time="0"/>
  <testcase name="testCubicSplineInterpolantUniformSpacingFromTo_DoubleArgs" classname="com.github.jonmarsh.waveform_processing_for_imagej.WaveformUtilsTest" time="0"/>
  <testcase name="testAddScalarInPlace_4args_1" classname="com.github.jonmarsh.waveform_processing_for_imagej.WaveformUtilsTest" time="0.001"/>
  <testcase name="testAddScalarInPlace_4args_2" classname="com.github.jonmarsh.waveform_processing_for_imagej.WaveformUtilsTest" time="0"/>
  <testcase name="testMean_doubleArr" classname="com.github.jonmarsh.waveform_processing_for_imagej.WaveformUtilsTest" time="0"/>
  <testcase name="testMultiplyScalarInPlace_floatArr_float" classname="com.github.jonmarsh.waveform_processing_for_imagej.WaveformUtilsTest" time="0"/>
  <testcase name="testRotateArrayInPlace_floatArr_int" classname="com.github.jonmarsh.waveform_processing_for_imagej.WaveformUtilsTest" time="0"/>
  <testcase name="testMultiplyScalar_floatArr_float" classname="com.github.jonmarsh.waveform_processing_for_imagej.WaveformUtilsTest" time="0"/>
  <testcase name="testReverseArrayInPlace_floatArr" classname="com.github.jonmarsh.waveform_processing_for_imagej.WaveformUtilsTest" time="0"/>
  <testcase name="testMinIndex_doubleArr" classname="com.github.jonmarsh.waveform_processing_for_imagej.WaveformUtilsTest" time="0"/>
  <testcase name="testMedianAndSort_floatArr" classname="com.github.jonmarsh.waveform_processing_for_imagej.WaveformUtilsTest" time="0"/>
  <testcase name="testMedianAndSort_doubleArr" classname="com.github.jonmarsh.waveform_processing_for_imagej.WaveformUtilsTest" time="0"/>
  <testcase name="testAddScalar_doubleArr_double" classname="com.github.jonmarsh.waveform_processing_for_imagej.WaveformUtilsTest" time="0"/>
  <testcase name="testMultiplyScalar_doubleArr_double" classname="com.github.jonmarsh.waveform_processing_for_imagej.WaveformUtilsTest" time="0"/>
</testsuite>